<?xml version="1.0" encoding="UTF-8"?>
<!-- Generated by org.testng.reporters.JUnitReportReporter -->
<testsuite skipped="0" hostname="sir-PC" name="com.app.runners.CuckesRunner" tests="1" failures="0" timestamp="17 Oct 2018 17:05:42 GMT" time="21.319" errors="0">
  <testcase name="runScenario" time="21.319" classname="com.app.runners.CuckesRunner"/>
</testsuite> <!-- com.app.runners.CuckesRunner -->
